  [1m[35m (25.8ms)[0m  [1m[35mCREATE DATABASE `MVC_development` DEFAULT CHARACTER SET `utf8mb4`[0m
  [1m[35m (9.2ms)[0m  [1m[35mCREATE DATABASE `MVC_test` DEFAULT CHARACTER SET `utf8mb4`[0m
  [1m[35m (33.1ms)[0m  [1m[35mCREATE TABLE `schema_migrations` (`version` varchar(255) NOT NULL PRIMARY KEY)[0m
  [1m[35m (31.7ms)[0m  [1m[35mCREATE TABLE `ar_internal_metadata` (`key` varchar(255) NOT NULL PRIMARY KEY, `value` varchar(255), `created_at` datetime(6) NOT NULL, `updated_at` datetime(6) NOT NULL)[0m
  [1m[35m (0.4ms)[0m  [1m[34mSELECT GET_LOCK('7547833086915797655', 0)[0m
  [1m[36mActiveRecord::SchemaMigration Pluck (9.0ms)[0m  [1m[34mSELECT `schema_migrations`.`version` FROM `schema_migrations` ORDER BY `schema_migrations`.`version` ASC[0m
Migrating to CreateProdutos (20230201011012)
  [1m[35m (33.6ms)[0m  [1m[35mCREATE TABLE `produtos` (`id` bigint NOT NULL AUTO_INCREMENT PRIMARY KEY, `name` varchar(255), `code` varchar(255), `price` float(24), `created_at` datetime(6) NOT NULL, `updated_at` datetime(6) NOT NULL)[0m
  [1m[36mTRANSACTION (0.4ms)[0m  [1m[35mBEGIN[0m
  [1m[36mActiveRecord::SchemaMigration Create (3.3ms)[0m  [1m[32mINSERT INTO `schema_migrations` (`version`) VALUES ('20230201011012')[0m
  [1m[36mTRANSACTION (4.9ms)[0m  [1m[35mCOMMIT[0m
  [1m[36mActiveRecord::InternalMetadata Load (1.6ms)[0m  [1m[34mSELECT `ar_internal_metadata`.* FROM `ar_internal_metadata` WHERE `ar_internal_metadata`.`key` = 'environment' LIMIT 1[0m
  [1m[36mTRANSACTION (0.3ms)[0m  [1m[35mBEGIN[0m
  [1m[36mActiveRecord::InternalMetadata Create (1.1ms)[0m  [1m[32mINSERT INTO `ar_internal_metadata` (`key`, `value`, `created_at`, `updated_at`) VALUES ('environment', 'development', '2023-02-01 16:42:20.190930', '2023-02-01 16:42:20.190930')[0m
  [1m[36mTRANSACTION (4.6ms)[0m  [1m[35mCOMMIT[0m
  [1m[35m (0.3ms)[0m  [1m[34mSELECT RELEASE_LOCK('7547833086915797655')[0m
  [1m[36mActiveRecord::SchemaMigration Pluck (0.5ms)[0m  [1m[34mSELECT `schema_migrations`.`version` FROM `schema_migrations` ORDER BY `schema_migrations`.`version` ASC[0m
  [1m[35m (0.6ms)[0m  [1m[35mCREATE DATABASE `MVC_development` DEFAULT CHARACTER SET `utf8mb4`[0m
  [1m[35m (0.8ms)[0m  [1m[35mCREATE DATABASE `MVC_test` DEFAULT CHARACTER SET `utf8mb4`[0m
  [1m[36mActiveRecord::SchemaMigration Pluck (2.0ms)[0m  [1m[34mSELECT `schema_migrations`.`version` FROM `schema_migrations` ORDER BY `schema_migrations`.`version` ASC[0m
  [1m[36mActiveRecord::InternalMetadata Pluck (0.4ms)[0m  [1m[34mSELECT `ar_internal_metadata`.`value` FROM `ar_internal_metadata` WHERE `ar_internal_metadata`.`key` = 'environment' LIMIT 1[0m
  [1m[36mActiveRecord::SchemaMigration Pluck (0.5ms)[0m  [1m[34mSELECT `schema_migrations`.`version` FROM `schema_migrations` ORDER BY `schema_migrations`.`version` ASC[0m
  [1m[36mActiveRecord::InternalMetadata Pluck (0.6ms)[0m  [1m[34mSELECT `ar_internal_metadata`.`value` FROM `ar_internal_metadata` WHERE `ar_internal_metadata`.`key` = 'environment' LIMIT 1[0m
  [1m[36mActiveRecord::SchemaMigration Pluck (0.4ms)[0m  [1m[34mSELECT `schema_migrations`.`version` FROM `schema_migrations` ORDER BY `schema_migrations`.`version` ASC[0m
  [1m[36mActiveRecord::InternalMetadata Pluck (0.5ms)[0m  [1m[34mSELECT `ar_internal_metadata`.`value` FROM `ar_internal_metadata` WHERE `ar_internal_metadata`.`key` = 'environment' LIMIT 1[0m
  [1m[35m (17.4ms)[0m  [1m[35mDROP TABLE IF EXISTS `produtos` CASCADE[0m
  [1m[35m (33.1ms)[0m  [1m[35mCREATE TABLE `produtos` (`id` bigint NOT NULL AUTO_INCREMENT PRIMARY KEY, `name` varchar(255), `code` varchar(255), `price` float(24), `created_at` datetime(6) NOT NULL, `updated_at` datetime(6) NOT NULL) DEFAULT CHARSET=utf8mb4 COLLATE=utf8mb4_0900_ai_ci[0m
  [1m[36mActiveRecord::SchemaMigration Pluck (0.3ms)[0m  [1m[34mSELECT `schema_migrations`.`version` FROM `schema_migrations` ORDER BY `schema_migrations`.`version` ASC[0m
  [1m[36mActiveRecord::InternalMetadata Load (0.3ms)[0m  [1m[34mSELECT `ar_internal_metadata`.* FROM `ar_internal_metadata` WHERE `ar_internal_metadata`.`key` = 'environment' LIMIT 1[0m
  [1m[36mActiveRecord::InternalMetadata Load (0.3ms)[0m  [1m[34mSELECT `ar_internal_metadata`.* FROM `ar_internal_metadata` WHERE `ar_internal_metadata`.`key` = 'environment' LIMIT 1[0m
  [1m[36mActiveRecord::InternalMetadata Load (0.3ms)[0m  [1m[34mSELECT `ar_internal_metadata`.* FROM `ar_internal_metadata` WHERE `ar_internal_metadata`.`key` = 'schema_sha1' LIMIT 1[0m
  [1m[36mTRANSACTION (0.1ms)[0m  [1m[35mBEGIN[0m
  [1m[36mActiveRecord::InternalMetadata Create (0.4ms)[0m  [1m[32mINSERT INTO `ar_internal_metadata` (`key`, `value`, `created_at`, `updated_at`) VALUES ('schema_sha1', '58fad5c29ffd40680f9201e709cd284eda12e358', '2023-02-01 16:43:19.100301', '2023-02-01 16:43:19.100301')[0m
  [1m[36mTRANSACTION (4.9ms)[0m  [1m[35mCOMMIT[0m
  [1m[35m (3.3ms)[0m  [1m[35mDROP TABLE IF EXISTS `produtos` CASCADE[0m
  [1m[35m (31.3ms)[0m  [1m[35mCREATE TABLE `produtos` (`id` bigint NOT NULL AUTO_INCREMENT PRIMARY KEY, `name` varchar(255), `code` varchar(255), `price` float(24), `created_at` datetime(6) NOT NULL, `updated_at` datetime(6) NOT NULL) DEFAULT CHARSET=utf8mb4 COLLATE=utf8mb4_0900_ai_ci[0m
  [1m[35m (25.4ms)[0m  [1m[35mCREATE TABLE `schema_migrations` (`version` varchar(255) NOT NULL PRIMARY KEY)[0m
  [1m[36mActiveRecord::SchemaMigration Pluck (0.9ms)[0m  [1m[34mSELECT `schema_migrations`.`version` FROM `schema_migrations` ORDER BY `schema_migrations`.`version` ASC[0m
  [1m[35m (3.9ms)[0m  [1m[32mINSERT INTO `schema_migrations` (version) VALUES (20230201011012)[0m
  [1m[35m (27.1ms)[0m  [1m[35mCREATE TABLE `ar_internal_metadata` (`key` varchar(255) NOT NULL PRIMARY KEY, `value` varchar(255), `created_at` datetime(6) NOT NULL, `updated_at` datetime(6) NOT NULL)[0m
  [1m[36mActiveRecord::InternalMetadata Load (0.9ms)[0m  [1m[34mSELECT `ar_internal_metadata`.* FROM `ar_internal_metadata` WHERE `ar_internal_metadata`.`key` = 'environment' LIMIT 1[0m
  [1m[36mTRANSACTION (0.1ms)[0m  [1m[35mBEGIN[0m
  [1m[36mActiveRecord::InternalMetadata Create (0.3ms)[0m  [1m[32mINSERT INTO `ar_internal_metadata` (`key`, `value`, `created_at`, `updated_at`) VALUES ('environment', 'development', '2023-02-01 16:43:19.219578', '2023-02-01 16:43:19.219578')[0m
  [1m[36mTRANSACTION (4.6ms)[0m  [1m[35mCOMMIT[0m
  [1m[36mActiveRecord::InternalMetadata Load (0.2ms)[0m  [1m[34mSELECT `ar_internal_metadata`.* FROM `ar_internal_metadata` WHERE `ar_internal_metadata`.`key` = 'environment' LIMIT 1[0m
  [1m[36mTRANSACTION (0.2ms)[0m  [1m[35mBEGIN[0m
  [1m[36mActiveRecord::InternalMetadata Update (0.4ms)[0m  [1m[33mUPDATE `ar_internal_metadata` SET `ar_internal_metadata`.`value` = 'test', `ar_internal_metadata`.`updated_at` = '2023-02-01 16:43:19.232561' WHERE `ar_internal_metadata`.`key` = 'environment'[0m
  [1m[36mTRANSACTION (2.6ms)[0m  [1m[35mCOMMIT[0m
  [1m[36mActiveRecord::InternalMetadata Load (0.3ms)[0m  [1m[34mSELECT `ar_internal_metadata`.* FROM `ar_internal_metadata` WHERE `ar_internal_metadata`.`key` = 'schema_sha1' LIMIT 1[0m
  [1m[36mTRANSACTION (0.2ms)[0m  [1m[35mBEGIN[0m
  [1m[36mActiveRecord::InternalMetadata Create (0.4ms)[0m  [1m[32mINSERT INTO `ar_internal_metadata` (`key`, `value`, `created_at`, `updated_at`) VALUES ('schema_sha1', '58fad5c29ffd40680f9201e709cd284eda12e358', '2023-02-01 16:43:19.243560', '2023-02-01 16:43:19.243560')[0m
  [1m[36mTRANSACTION (5.3ms)[0m  [1m[35mCOMMIT[0m
  [1m[36mActiveRecord::SchemaMigration Pluck (0.3ms)[0m  [1m[34mSELECT `schema_migrations`.`version` FROM `schema_migrations` ORDER BY `schema_migrations`.`version` ASC[0m
  [1m[36mActiveRecord::SchemaMigration Pluck (0.6ms)[0m  [1m[34mSELECT `schema_migrations`.`version` FROM `schema_migrations` ORDER BY `schema_migrations`.`version` ASC[0m
  [1m[36mActiveRecord::InternalMetadata Pluck (0.6ms)[0m  [1m[34mSELECT `ar_internal_metadata`.`value` FROM `ar_internal_metadata` WHERE `ar_internal_metadata`.`key` = 'environment' LIMIT 1[0m
  [1m[36mActiveRecord::SchemaMigration Pluck (0.2ms)[0m  [1m[34mSELECT `schema_migrations`.`version` FROM `schema_migrations` ORDER BY `schema_migrations`.`version` ASC[0m
  [1m[36mActiveRecord::InternalMetadata Pluck (0.3ms)[0m  [1m[34mSELECT `ar_internal_metadata`.`value` FROM `ar_internal_metadata` WHERE `ar_internal_metadata`.`key` = 'environment' LIMIT 1[0m
  [1m[36mActiveRecord::SchemaMigration Pluck (0.3ms)[0m  [1m[34mSELECT `schema_migrations`.`version` FROM `schema_migrations` ORDER BY `schema_migrations`.`version` ASC[0m
  [1m[36mActiveRecord::InternalMetadata Pluck (0.4ms)[0m  [1m[34mSELECT `ar_internal_metadata`.`value` FROM `ar_internal_metadata` WHERE `ar_internal_metadata`.`key` = 'environment' LIMIT 1[0m
  [1m[35m (53.5ms)[0m  [1m[35mDROP DATABASE IF EXISTS `MVC_development`[0m
  [1m[35m (33.8ms)[0m  [1m[35mDROP DATABASE IF EXISTS `MVC_test`[0m
  [1m[35m (7.3ms)[0m  [1m[35mCREATE DATABASE `MVC_development` DEFAULT CHARACTER SET `utf8mb4`[0m
  [1m[35m (7.9ms)[0m  [1m[35mCREATE DATABASE `MVC_test` DEFAULT CHARACTER SET `utf8mb4`[0m
  [1m[35m (3.4ms)[0m  [1m[35mDROP TABLE IF EXISTS `produtos` CASCADE[0m
  [1m[35m (31.4ms)[0m  [1m[35mCREATE TABLE `produtos` (`id` bigint NOT NULL AUTO_INCREMENT PRIMARY KEY, `name` varchar(255), `code` varchar(255), `price` float(24), `created_at` datetime(6) NOT NULL, `updated_at` datetime(6) NOT NULL) DEFAULT CHARSET=utf8mb4 COLLATE=utf8mb4_0900_ai_ci[0m
  [1m[35m (30.5ms)[0m  [1m[35mCREATE TABLE `schema_migrations` (`version` varchar(255) NOT NULL PRIMARY KEY)[0m
  [1m[36mActiveRecord::SchemaMigration Pluck (0.8ms)[0m  [1m[34mSELECT `schema_migrations`.`version` FROM `schema_migrations` ORDER BY `schema_migrations`.`version` ASC[0m
  [1m[35m (3.8ms)[0m  [1m[32mINSERT INTO `schema_migrations` (version) VALUES (20230201011012)[0m
  [1m[35m (29.1ms)[0m  [1m[35mCREATE TABLE `ar_internal_metadata` (`key` varchar(255) NOT NULL PRIMARY KEY, `value` varchar(255), `created_at` datetime(6) NOT NULL, `updated_at` datetime(6) NOT NULL)[0m
  [1m[36mActiveRecord::InternalMetadata Load (1.0ms)[0m  [1m[34mSELECT `ar_internal_metadata`.* FROM `ar_internal_metadata` WHERE `ar_internal_metadata`.`key` = 'environment' LIMIT 1[0m
  [1m[36mTRANSACTION (0.2ms)[0m  [1m[35mBEGIN[0m
  [1m[36mActiveRecord::InternalMetadata Create (0.3ms)[0m  [1m[32mINSERT INTO `ar_internal_metadata` (`key`, `value`, `created_at`, `updated_at`) VALUES ('environment', 'development', '2023-02-01 16:47:12.470028', '2023-02-01 16:47:12.470028')[0m
  [1m[36mTRANSACTION (4.2ms)[0m  [1m[35mCOMMIT[0m
  [1m[36mActiveRecord::InternalMetadata Load (0.2ms)[0m  [1m[34mSELECT `ar_internal_metadata`.* FROM `ar_internal_metadata` WHERE `ar_internal_metadata`.`key` = 'environment' LIMIT 1[0m
  [1m[36mActiveRecord::InternalMetadata Load (0.3ms)[0m  [1m[34mSELECT `ar_internal_metadata`.* FROM `ar_internal_metadata` WHERE `ar_internal_metadata`.`key` = 'schema_sha1' LIMIT 1[0m
  [1m[36mTRANSACTION (0.1ms)[0m  [1m[35mBEGIN[0m
  [1m[36mActiveRecord::InternalMetadata Create (0.3ms)[0m  [1m[32mINSERT INTO `ar_internal_metadata` (`key`, `value`, `created_at`, `updated_at`) VALUES ('schema_sha1', '58fad5c29ffd40680f9201e709cd284eda12e358', '2023-02-01 16:47:12.487014', '2023-02-01 16:47:12.487014')[0m
  [1m[36mTRANSACTION (3.8ms)[0m  [1m[35mCOMMIT[0m
  [1m[35m (3.4ms)[0m  [1m[35mDROP TABLE IF EXISTS `produtos` CASCADE[0m
  [1m[35m (31.8ms)[0m  [1m[35mCREATE TABLE `produtos` (`id` bigint NOT NULL AUTO_INCREMENT PRIMARY KEY, `name` varchar(255), `code` varchar(255), `price` float(24), `created_at` datetime(6) NOT NULL, `updated_at` datetime(6) NOT NULL) DEFAULT CHARSET=utf8mb4 COLLATE=utf8mb4_0900_ai_ci[0m
  [1m[35m (23.3ms)[0m  [1m[35mCREATE TABLE `schema_migrations` (`version` varchar(255) NOT NULL PRIMARY KEY)[0m
  [1m[36mActiveRecord::SchemaMigration Pluck (0.9ms)[0m  [1m[34mSELECT `schema_migrations`.`version` FROM `schema_migrations` ORDER BY `schema_migrations`.`version` ASC[0m
  [1m[35m (4.1ms)[0m  [1m[32mINSERT INTO `schema_migrations` (version) VALUES (20230201011012)[0m
  [1m[35m (25.8ms)[0m  [1m[35mCREATE TABLE `ar_internal_metadata` (`key` varchar(255) NOT NULL PRIMARY KEY, `value` varchar(255), `created_at` datetime(6) NOT NULL, `updated_at` datetime(6) NOT NULL)[0m
  [1m[36mActiveRecord::InternalMetadata Load (1.2ms)[0m  [1m[34mSELECT `ar_internal_metadata`.* FROM `ar_internal_metadata` WHERE `ar_internal_metadata`.`key` = 'environment' LIMIT 1[0m
  [1m[36mTRANSACTION (0.2ms)[0m  [1m[35mBEGIN[0m
  [1m[36mActiveRecord::InternalMetadata Create (0.4ms)[0m  [1m[32mINSERT INTO `ar_internal_metadata` (`key`, `value`, `created_at`, `updated_at`) VALUES ('environment', 'development', '2023-02-01 16:47:12.602737', '2023-02-01 16:47:12.602737')[0m
  [1m[36mTRANSACTION (3.6ms)[0m  [1m[35mCOMMIT[0m
  [1m[36mActiveRecord::InternalMetadata Load (0.3ms)[0m  [1m[34mSELECT `ar_internal_metadata`.* FROM `ar_internal_metadata` WHERE `ar_internal_metadata`.`key` = 'environment' LIMIT 1[0m
  [1m[36mTRANSACTION (0.2ms)[0m  [1m[35mBEGIN[0m
  [1m[36mActiveRecord::InternalMetadata Update (0.4ms)[0m  [1m[33mUPDATE `ar_internal_metadata` SET `ar_internal_metadata`.`value` = 'test', `ar_internal_metadata`.`updated_at` = '2023-02-01 16:47:12.617534' WHERE `ar_internal_metadata`.`key` = 'environment'[0m
  [1m[36mTRANSACTION (3.8ms)[0m  [1m[35mCOMMIT[0m
  [1m[36mActiveRecord::InternalMetadata Load (0.3ms)[0m  [1m[34mSELECT `ar_internal_metadata`.* FROM `ar_internal_metadata` WHERE `ar_internal_metadata`.`key` = 'schema_sha1' LIMIT 1[0m
  [1m[36mTRANSACTION (0.2ms)[0m  [1m[35mBEGIN[0m
  [1m[36mActiveRecord::InternalMetadata Create (0.4ms)[0m  [1m[32mINSERT INTO `ar_internal_metadata` (`key`, `value`, `created_at`, `updated_at`) VALUES ('schema_sha1', '58fad5c29ffd40680f9201e709cd284eda12e358', '2023-02-01 16:47:12.632332', '2023-02-01 16:47:12.632332')[0m
  [1m[36mTRANSACTION (4.0ms)[0m  [1m[35mCOMMIT[0m
  [1m[36mActiveRecord::SchemaMigration Pluck (0.3ms)[0m  [1m[34mSELECT `schema_migrations`.`version` FROM `schema_migrations` ORDER BY `schema_migrations`.`version` ASC[0m
  [1m[36mActiveRecord::SchemaMigration Pluck (0.4ms)[0m  [1m[34mSELECT `schema_migrations`.`version` FROM `schema_migrations` ORDER BY `schema_migrations`.`version` ASC[0m
  [1m[36mActiveRecord::InternalMetadata Pluck (0.4ms)[0m  [1m[34mSELECT `ar_internal_metadata`.`value` FROM `ar_internal_metadata` WHERE `ar_internal_metadata`.`key` = 'environment' LIMIT 1[0m
  [1m[36mActiveRecord::SchemaMigration Pluck (0.2ms)[0m  [1m[34mSELECT `schema_migrations`.`version` FROM `schema_migrations` ORDER BY `schema_migrations`.`version` ASC[0m
  [1m[36mActiveRecord::InternalMetadata Pluck (0.3ms)[0m  [1m[34mSELECT `ar_internal_metadata`.`value` FROM `ar_internal_metadata` WHERE `ar_internal_metadata`.`key` = 'environment' LIMIT 1[0m
  [1m[36mActiveRecord::SchemaMigration Pluck (0.2ms)[0m  [1m[34mSELECT `schema_migrations`.`version` FROM `schema_migrations` ORDER BY `schema_migrations`.`version` ASC[0m
  [1m[36mActiveRecord::InternalMetadata Pluck (0.3ms)[0m  [1m[34mSELECT `ar_internal_metadata`.`value` FROM `ar_internal_metadata` WHERE `ar_internal_metadata`.`key` = 'environment' LIMIT 1[0m
  [1m[35m (35.4ms)[0m  [1m[35mDROP DATABASE IF EXISTS `MVC_development`[0m
  [1m[35m (41.4ms)[0m  [1m[35mDROP DATABASE IF EXISTS `MVC_test`[0m
  [1m[35m (51.3ms)[0m  [1m[35mCREATE DATABASE `MVC_development` DEFAULT CHARACTER SET `utf8mb4`[0m
  [1m[35m (6.9ms)[0m  [1m[35mCREATE DATABASE `MVC_test` DEFAULT CHARACTER SET `utf8mb4`[0m
  [1m[35m (3.2ms)[0m  [1m[35mDROP TABLE IF EXISTS `produtos` CASCADE[0m
  [1m[35m (28.6ms)[0m  [1m[35mCREATE TABLE `produtos` (`id` bigint NOT NULL AUTO_INCREMENT PRIMARY KEY, `name` varchar(255), `code` varchar(255), `price` float(24), `created_at` datetime(6) NOT NULL, `updated_at` datetime(6) NOT NULL) DEFAULT CHARSET=utf8mb4 COLLATE=utf8mb4_0900_ai_ci[0m
  [1m[35m (23.1ms)[0m  [1m[35mCREATE TABLE `schema_migrations` (`version` varchar(255) NOT NULL PRIMARY KEY)[0m
  [1m[36mActiveRecord::SchemaMigration Pluck (0.6ms)[0m  [1m[34mSELECT `schema_migrations`.`version` FROM `schema_migrations` ORDER BY `schema_migrations`.`version` ASC[0m
  [1m[35m (4.0ms)[0m  [1m[32mINSERT INTO `schema_migrations` (version) VALUES (20230201011012)[0m
  [1m[35m (23.6ms)[0m  [1m[35mCREATE TABLE `ar_internal_metadata` (`key` varchar(255) NOT NULL PRIMARY KEY, `value` varchar(255), `created_at` datetime(6) NOT NULL, `updated_at` datetime(6) NOT NULL)[0m
  [1m[36mActiveRecord::InternalMetadata Load (0.6ms)[0m  [1m[34mSELECT `ar_internal_metadata`.* FROM `ar_internal_metadata` WHERE `ar_internal_metadata`.`key` = 'environment' LIMIT 1[0m
  [1m[36mTRANSACTION (0.2ms)[0m  [1m[35mBEGIN[0m
  [1m[36mActiveRecord::InternalMetadata Create (0.4ms)[0m  [1m[32mINSERT INTO `ar_internal_metadata` (`key`, `value`, `created_at`, `updated_at`) VALUES ('environment', 'development', '2023-02-01 16:48:53.776912', '2023-02-01 16:48:53.776912')[0m
  [1m[36mTRANSACTION (4.7ms)[0m  [1m[35mCOMMIT[0m
  [1m[36mActiveRecord::InternalMetadata Load (0.3ms)[0m  [1m[34mSELECT `ar_internal_metadata`.* FROM `ar_internal_metadata` WHERE `ar_internal_metadata`.`key` = 'environment' LIMIT 1[0m
  [1m[36mActiveRecord::InternalMetadata Load (0.3ms)[0m  [1m[34mSELECT `ar_internal_metadata`.* FROM `ar_internal_metadata` WHERE `ar_internal_metadata`.`key` = 'schema_sha1' LIMIT 1[0m
  [1m[36mTRANSACTION (0.1ms)[0m  [1m[35mBEGIN[0m
  [1m[36mActiveRecord::InternalMetadata Create (0.4ms)[0m  [1m[32mINSERT INTO `ar_internal_metadata` (`key`, `value`, `created_at`, `updated_at`) VALUES ('schema_sha1', '58fad5c29ffd40680f9201e709cd284eda12e358', '2023-02-01 16:48:53.793621', '2023-02-01 16:48:53.793621')[0m
  [1m[36mTRANSACTION (2.5ms)[0m  [1m[35mCOMMIT[0m
  [1m[35m (3.3ms)[0m  [1m[35mDROP TABLE IF EXISTS `produtos` CASCADE[0m
  [1m[35m (57.6ms)[0m  [1m[35mCREATE TABLE `produtos` (`id` bigint NOT NULL AUTO_INCREMENT PRIMARY KEY, `name` varchar(255), `code` varchar(255), `price` float(24), `created_at` datetime(6) NOT NULL, `updated_at` datetime(6) NOT NULL) DEFAULT CHARSET=utf8mb4 COLLATE=utf8mb4_0900_ai_ci[0m
  [1m[35m (52.5ms)[0m  [1m[35mCREATE TABLE `schema_migrations` (`version` varchar(255) NOT NULL PRIMARY KEY)[0m
  [1m[36mActiveRecord::SchemaMigration Pluck (0.8ms)[0m  [1m[34mSELECT `schema_migrations`.`version` FROM `schema_migrations` ORDER BY `schema_migrations`.`version` ASC[0m
  [1m[35m (7.9ms)[0m  [1m[32mINSERT INTO `schema_migrations` (version) VALUES (20230201011012)[0m
  [1m[35m (29.6ms)[0m  [1m[35mCREATE TABLE `ar_internal_metadata` (`key` varchar(255) NOT NULL PRIMARY KEY, `value` varchar(255), `created_at` datetime(6) NOT NULL, `updated_at` datetime(6) NOT NULL)[0m
  [1m[36mActiveRecord::InternalMetadata Load (1.0ms)[0m  [1m[34mSELECT `ar_internal_metadata`.* FROM `ar_internal_metadata` WHERE `ar_internal_metadata`.`key` = 'environment' LIMIT 1[0m
  [1m[36mTRANSACTION (0.1ms)[0m  [1m[35mBEGIN[0m
  [1m[36mActiveRecord::InternalMetadata Create (0.3ms)[0m  [1m[32mINSERT INTO `ar_internal_metadata` (`key`, `value`, `created_at`, `updated_at`) VALUES ('environment', 'development', '2023-02-01 16:48:53.970351', '2023-02-01 16:48:53.970351')[0m
  [1m[36mTRANSACTION (3.3ms)[0m  [1m[35mCOMMIT[0m
  [1m[36mActiveRecord::InternalMetadata Load (0.3ms)[0m  [1m[34mSELECT `ar_internal_metadata`.* FROM `ar_internal_metadata` WHERE `ar_internal_metadata`.`key` = 'environment' LIMIT 1[0m
  [1m[36mTRANSACTION (0.1ms)[0m  [1m[35mBEGIN[0m
  [1m[36mActiveRecord::InternalMetadata Update (0.4ms)[0m  [1m[33mUPDATE `ar_internal_metadata` SET `ar_internal_metadata`.`value` = 'test', `ar_internal_metadata`.`updated_at` = '2023-02-01 16:48:53.982932' WHERE `ar_internal_metadata`.`key` = 'environment'[0m
  [1m[36mTRANSACTION (4.5ms)[0m  [1m[35mCOMMIT[0m
  [1m[36mActiveRecord::InternalMetadata Load (0.3ms)[0m  [1m[34mSELECT `ar_internal_metadata`.* FROM `ar_internal_metadata` WHERE `ar_internal_metadata`.`key` = 'schema_sha1' LIMIT 1[0m
  [1m[36mTRANSACTION (0.2ms)[0m  [1m[35mBEGIN[0m
  [1m[36mActiveRecord::InternalMetadata Create (0.4ms)[0m  [1m[32mINSERT INTO `ar_internal_metadata` (`key`, `value`, `created_at`, `updated_at`) VALUES ('schema_sha1', '58fad5c29ffd40680f9201e709cd284eda12e358', '2023-02-01 16:48:53.997347', '2023-02-01 16:48:53.997347')[0m
  [1m[36mTRANSACTION (4.9ms)[0m  [1m[35mCOMMIT[0m
  [1m[36mActiveRecord::SchemaMigration Pluck (0.5ms)[0m  [1m[34mSELECT `schema_migrations`.`version` FROM `schema_migrations` ORDER BY `schema_migrations`.`version` ASC[0m
  [1m[35m (0.2ms)[0m  [1m[34mSELECT GET_LOCK('7547833086915797655', 0)[0m
  [1m[36mActiveRecord::SchemaMigration Pluck (0.3ms)[0m  [1m[34mSELECT `schema_migrations`.`version` FROM `schema_migrations` ORDER BY `schema_migrations`.`version` ASC[0m
  [1m[36mActiveRecord::InternalMetadata Load (0.5ms)[0m  [1m[34mSELECT `ar_internal_metadata`.* FROM `ar_internal_metadata` WHERE `ar_internal_metadata`.`key` = 'environment' LIMIT 1[0m
  [1m[35m (0.2ms)[0m  [1m[34mSELECT RELEASE_LOCK('7547833086915797655')[0m
  [1m[36mActiveRecord::SchemaMigration Pluck (0.3ms)[0m  [1m[34mSELECT `schema_migrations`.`version` FROM `schema_migrations` ORDER BY `schema_migrations`.`version` ASC[0m
  [1m[35m (0.5ms)[0m  [1m[35mCREATE DATABASE `MVC_development` DEFAULT CHARACTER SET `utf8mb4`[0m
  [1m[35m (0.5ms)[0m  [1m[35mCREATE DATABASE `MVC_test` DEFAULT CHARACTER SET `utf8mb4`[0m
  [1m[36mActiveRecord::SchemaMigration Pluck (0.6ms)[0m  [1m[34mSELECT `schema_migrations`.`version` FROM `schema_migrations` ORDER BY `schema_migrations`.`version` ASC[0m
  [1m[36mActiveRecord::InternalMetadata Pluck (0.4ms)[0m  [1m[34mSELECT `ar_internal_metadata`.`value` FROM `ar_internal_metadata` WHERE `ar_internal_metadata`.`key` = 'environment' LIMIT 1[0m
  [1m[36mActiveRecord::SchemaMigration Pluck (0.2ms)[0m  [1m[34mSELECT `schema_migrations`.`version` FROM `schema_migrations` ORDER BY `schema_migrations`.`version` ASC[0m
  [1m[36mActiveRecord::InternalMetadata Pluck (0.3ms)[0m  [1m[34mSELECT `ar_internal_metadata`.`value` FROM `ar_internal_metadata` WHERE `ar_internal_metadata`.`key` = 'environment' LIMIT 1[0m
  [1m[36mActiveRecord::SchemaMigration Pluck (0.4ms)[0m  [1m[34mSELECT `schema_migrations`.`version` FROM `schema_migrations` ORDER BY `schema_migrations`.`version` ASC[0m
  [1m[36mActiveRecord::InternalMetadata Pluck (0.6ms)[0m  [1m[34mSELECT `ar_internal_metadata`.`value` FROM `ar_internal_metadata` WHERE `ar_internal_metadata`.`key` = 'environment' LIMIT 1[0m
  [1m[35m (18.0ms)[0m  [1m[35mDROP TABLE IF EXISTS `produtos` CASCADE[0m
  [1m[35m (30.7ms)[0m  [1m[35mCREATE TABLE `produtos` (`id` bigint NOT NULL AUTO_INCREMENT PRIMARY KEY, `name` varchar(255), `code` varchar(255), `price` float(24), `created_at` datetime(6) NOT NULL, `updated_at` datetime(6) NOT NULL) DEFAULT CHARSET=utf8mb4 COLLATE=utf8mb4_0900_ai_ci[0m
  [1m[36mActiveRecord::SchemaMigration Pluck (1.1ms)[0m  [1m[34mSELECT `schema_migrations`.`version` FROM `schema_migrations` ORDER BY `schema_migrations`.`version` ASC[0m
  [1m[36mActiveRecord::InternalMetadata Load (0.4ms)[0m  [1m[34mSELECT `ar_internal_metadata`.* FROM `ar_internal_metadata` WHERE `ar_internal_metadata`.`key` = 'environment' LIMIT 1[0m
  [1m[36mActiveRecord::InternalMetadata Load (0.2ms)[0m  [1m[34mSELECT `ar_internal_metadata`.* FROM `ar_internal_metadata` WHERE `ar_internal_metadata`.`key` = 'environment' LIMIT 1[0m
  [1m[36mActiveRecord::InternalMetadata Load (0.3ms)[0m  [1m[34mSELECT `ar_internal_metadata`.* FROM `ar_internal_metadata` WHERE `ar_internal_metadata`.`key` = 'schema_sha1' LIMIT 1[0m
  [1m[35m (16.5ms)[0m  [1m[35mDROP TABLE IF EXISTS `produtos` CASCADE[0m
  [1m[35m (35.2ms)[0m  [1m[35mCREATE TABLE `produtos` (`id` bigint NOT NULL AUTO_INCREMENT PRIMARY KEY, `name` varchar(255), `code` varchar(255), `price` float(24), `created_at` datetime(6) NOT NULL, `updated_at` datetime(6) NOT NULL) DEFAULT CHARSET=utf8mb4 COLLATE=utf8mb4_0900_ai_ci[0m
  [1m[36mActiveRecord::SchemaMigration Pluck (0.3ms)[0m  [1m[34mSELECT `schema_migrations`.`version` FROM `schema_migrations` ORDER BY `schema_migrations`.`version` ASC[0m
  [1m[36mActiveRecord::InternalMetadata Load (0.5ms)[0m  [1m[34mSELECT `ar_internal_metadata`.* FROM `ar_internal_metadata` WHERE `ar_internal_metadata`.`key` = 'environment' LIMIT 1[0m
  [1m[36mTRANSACTION (0.1ms)[0m  [1m[35mBEGIN[0m
  [1m[36mActiveRecord::InternalMetadata Update (0.4ms)[0m  [1m[33mUPDATE `ar_internal_metadata` SET `ar_internal_metadata`.`value` = 'development', `ar_internal_metadata`.`updated_at` = '2023-02-01 16:57:05.763357' WHERE `ar_internal_metadata`.`key` = 'environment'[0m
  [1m[36mTRANSACTION (5.2ms)[0m  [1m[35mCOMMIT[0m
  [1m[36mActiveRecord::InternalMetadata Load (0.3ms)[0m  [1m[34mSELECT `ar_internal_metadata`.* FROM `ar_internal_metadata` WHERE `ar_internal_metadata`.`key` = 'environment' LIMIT 1[0m
  [1m[36mTRANSACTION (0.1ms)[0m  [1m[35mBEGIN[0m
  [1m[36mActiveRecord::InternalMetadata Update (0.4ms)[0m  [1m[33mUPDATE `ar_internal_metadata` SET `ar_internal_metadata`.`value` = 'test', `ar_internal_metadata`.`updated_at` = '2023-02-01 16:57:05.778419' WHERE `ar_internal_metadata`.`key` = 'environment'[0m
  [1m[36mTRANSACTION (8.2ms)[0m  [1m[35mCOMMIT[0m
  [1m[36mActiveRecord::InternalMetadata Load (0.3ms)[0m  [1m[34mSELECT `ar_internal_metadata`.* FROM `ar_internal_metadata` WHERE `ar_internal_metadata`.`key` = 'schema_sha1' LIMIT 1[0m
  [1m[36mActiveRecord::SchemaMigration Pluck (0.3ms)[0m  [1m[34mSELECT `schema_migrations`.`version` FROM `schema_migrations` ORDER BY `schema_migrations`.`version` ASC[0m
  [1m[36mActiveRecord::SchemaMigration Pluck (0.4ms)[0m  [1m[34mSELECT `schema_migrations`.`version` FROM `schema_migrations` ORDER BY `schema_migrations`.`version` ASC[0m
  [1m[36mActiveRecord::SchemaMigration Pluck (0.3ms)[0m  [1m[34mSELECT `schema_migrations`.`version` FROM `schema_migrations` ORDER BY `schema_migrations`.`version` ASC[0m
  [1m[36mActiveRecord::SchemaMigration Pluck (0.3ms)[0m  [1m[34mSELECT `schema_migrations`.`version` FROM `schema_migrations` ORDER BY `schema_migrations`.`version` ASC[0m
  [1m[35m (0.2ms)[0m  [1m[34mSELECT GET_LOCK('7547833086915797655', 0)[0m
  [1m[36mActiveRecord::SchemaMigration Pluck (0.4ms)[0m  [1m[34mSELECT `schema_migrations`.`version` FROM `schema_migrations` ORDER BY `schema_migrations`.`version` ASC[0m
Migrating to CreateProdutos (20230201011012)
  [1m[35m (18.7ms)[0m  [1m[35mDROP TABLE `produtos`[0m
  [1m[36mActiveRecord::SchemaMigration Delete All (6.2ms)[0m  [1m[31mDELETE FROM `schema_migrations` WHERE `schema_migrations`.`version` = '20230201011012'[0m
  [1m[35m (0.3ms)[0m  [1m[34mSELECT RELEASE_LOCK('7547833086915797655')[0m
  [1m[36mActiveRecord::SchemaMigration Pluck (0.3ms)[0m  [1m[34mSELECT `schema_migrations`.`version` FROM `schema_migrations` ORDER BY `schema_migrations`.`version` ASC[0m
  [1m[35m (0.2ms)[0m  [1m[34mSELECT GET_LOCK('7547833086915797655', 0)[0m
  [1m[36mActiveRecord::SchemaMigration Pluck (0.4ms)[0m  [1m[34mSELECT `schema_migrations`.`version` FROM `schema_migrations` ORDER BY `schema_migrations`.`version` ASC[0m
Migrating to CreateProdutos (20230201011012)
  [1m[35m (33.6ms)[0m  [1m[35mCREATE TABLE `produtos` (`id` bigint NOT NULL AUTO_INCREMENT PRIMARY KEY, `name` varchar(255), `code` varchar(255), `price` float(24), `created_at` datetime(6) NOT NULL, `updated_at` datetime(6) NOT NULL)[0m
  [1m[36mTRANSACTION (0.2ms)[0m  [1m[35mBEGIN[0m
  [1m[36mActiveRecord::SchemaMigration Create (1.4ms)[0m  [1m[32mINSERT INTO `schema_migrations` (`version`) VALUES ('20230201011012')[0m
  [1m[36mTRANSACTION (4.2ms)[0m  [1m[35mCOMMIT[0m
  [1m[36mActiveRecord::InternalMetadata Load (0.4ms)[0m  [1m[34mSELECT `ar_internal_metadata`.* FROM `ar_internal_metadata` WHERE `ar_internal_metadata`.`key` = 'environment' LIMIT 1[0m
  [1m[35m (0.6ms)[0m  [1m[34mSELECT RELEASE_LOCK('7547833086915797655')[0m
  [1m[36mActiveRecord::SchemaMigration Pluck (0.2ms)[0m  [1m[34mSELECT `schema_migrations`.`version` FROM `schema_migrations` ORDER BY `schema_migrations`.`version` ASC[0m
  [1m[35m (0.5ms)[0m  [1m[35mCREATE DATABASE `MVC_development` DEFAULT CHARACTER SET `utf8mb4`[0m
  [1m[35m (0.4ms)[0m  [1m[35mCREATE DATABASE `MVC_test` DEFAULT CHARACTER SET `utf8mb4`[0m
  [1m[36mActiveRecord::SchemaMigration Pluck (0.6ms)[0m  [1m[34mSELECT `schema_migrations`.`version` FROM `schema_migrations` ORDER BY `schema_migrations`.`version` ASC[0m
  [1m[36mActiveRecord::InternalMetadata Pluck (0.5ms)[0m  [1m[34mSELECT `ar_internal_metadata`.`value` FROM `ar_internal_metadata` WHERE `ar_internal_metadata`.`key` = 'environment' LIMIT 1[0m
  [1m[36mActiveRecord::SchemaMigration Pluck (0.6ms)[0m  [1m[34mSELECT `schema_migrations`.`version` FROM `schema_migrations` ORDER BY `schema_migrations`.`version` ASC[0m
  [1m[36mActiveRecord::InternalMetadata Pluck (0.5ms)[0m  [1m[34mSELECT `ar_internal_metadata`.`value` FROM `ar_internal_metadata` WHERE `ar_internal_metadata`.`key` = 'environment' LIMIT 1[0m
  [1m[36mActiveRecord::SchemaMigration Pluck (0.3ms)[0m  [1m[34mSELECT `schema_migrations`.`version` FROM `schema_migrations` ORDER BY `schema_migrations`.`version` ASC[0m
  [1m[36mActiveRecord::InternalMetadata Pluck (0.4ms)[0m  [1m[34mSELECT `ar_internal_metadata`.`value` FROM `ar_internal_metadata` WHERE `ar_internal_metadata`.`key` = 'environment' LIMIT 1[0m
  [1m[35m (37.9ms)[0m  [1m[35mDROP TABLE IF EXISTS `produtos` CASCADE[0m
  [1m[35m (26.9ms)[0m  [1m[35mCREATE TABLE `produtos` (`id` bigint NOT NULL AUTO_INCREMENT PRIMARY KEY, `name` varchar(255), `code` varchar(255), `price` float(24), `created_at` datetime(6) NOT NULL, `updated_at` datetime(6) NOT NULL) DEFAULT CHARSET=utf8mb4 COLLATE=utf8mb4_0900_ai_ci[0m
  [1m[36mActiveRecord::SchemaMigration Pluck (0.4ms)[0m  [1m[34mSELECT `schema_migrations`.`version` FROM `schema_migrations` ORDER BY `schema_migrations`.`version` ASC[0m
  [1m[36mActiveRecord::InternalMetadata Load (0.4ms)[0m  [1m[34mSELECT `ar_internal_metadata`.* FROM `ar_internal_metadata` WHERE `ar_internal_metadata`.`key` = 'environment' LIMIT 1[0m
  [1m[36mActiveRecord::InternalMetadata Load (0.3ms)[0m  [1m[34mSELECT `ar_internal_metadata`.* FROM `ar_internal_metadata` WHERE `ar_internal_metadata`.`key` = 'environment' LIMIT 1[0m
  [1m[36mActiveRecord::InternalMetadata Load (0.3ms)[0m  [1m[34mSELECT `ar_internal_metadata`.* FROM `ar_internal_metadata` WHERE `ar_internal_metadata`.`key` = 'schema_sha1' LIMIT 1[0m
  [1m[35m (16.5ms)[0m  [1m[35mDROP TABLE IF EXISTS `produtos` CASCADE[0m
  [1m[35m (28.5ms)[0m  [1m[35mCREATE TABLE `produtos` (`id` bigint NOT NULL AUTO_INCREMENT PRIMARY KEY, `name` varchar(255), `code` varchar(255), `price` float(24), `created_at` datetime(6) NOT NULL, `updated_at` datetime(6) NOT NULL) DEFAULT CHARSET=utf8mb4 COLLATE=utf8mb4_0900_ai_ci[0m
  [1m[36mActiveRecord::SchemaMigration Pluck (0.3ms)[0m  [1m[34mSELECT `schema_migrations`.`version` FROM `schema_migrations` ORDER BY `schema_migrations`.`version` ASC[0m
  [1m[36mActiveRecord::InternalMetadata Load (0.3ms)[0m  [1m[34mSELECT `ar_internal_metadata`.* FROM `ar_internal_metadata` WHERE `ar_internal_metadata`.`key` = 'environment' LIMIT 1[0m
  [1m[36mTRANSACTION (0.1ms)[0m  [1m[35mBEGIN[0m
  [1m[36mActiveRecord::InternalMetadata Update (0.4ms)[0m  [1m[33mUPDATE `ar_internal_metadata` SET `ar_internal_metadata`.`value` = 'development', `ar_internal_metadata`.`updated_at` = '2023-02-01 17:08:08.965763' WHERE `ar_internal_metadata`.`key` = 'environment'[0m
  [1m[36mTRANSACTION (3.8ms)[0m  [1m[35mCOMMIT[0m
  [1m[36mActiveRecord::InternalMetadata Load (0.3ms)[0m  [1m[34mSELECT `ar_internal_metadata`.* FROM `ar_internal_metadata` WHERE `ar_internal_metadata`.`key` = 'environment' LIMIT 1[0m
  [1m[36mTRANSACTION (0.1ms)[0m  [1m[35mBEGIN[0m
  [1m[36mActiveRecord::InternalMetadata Update (2.9ms)[0m  [1m[33mUPDATE `ar_internal_metadata` SET `ar_internal_metadata`.`value` = 'test', `ar_internal_metadata`.`updated_at` = '2023-02-01 17:08:08.979029' WHERE `ar_internal_metadata`.`key` = 'environment'[0m
  [1m[36mTRANSACTION (8.1ms)[0m  [1m[35mCOMMIT[0m
  [1m[36mActiveRecord::InternalMetadata Load (0.4ms)[0m  [1m[34mSELECT `ar_internal_metadata`.* FROM `ar_internal_metadata` WHERE `ar_internal_metadata`.`key` = 'schema_sha1' LIMIT 1[0m
  [1m[36mActiveRecord::SchemaMigration Pluck (0.2ms)[0m  [1m[34mSELECT `schema_migrations`.`version` FROM `schema_migrations` ORDER BY `schema_migrations`.`version` ASC[0m
  [1m[36mProduto Load (1.6ms)[0m  [1m[34mSELECT `produtos`.* FROM `produtos`[0m
  [1m[36mTRANSACTION (0.8ms)[0m  [1m[35mBEGIN[0m
  [1m[36mProduto Create (1.9ms)[0m  [1m[32mINSERT INTO `produtos` (`name`, `code`, `price`, `created_at`, `updated_at`) VALUES ('Apple phone 12', 'DCI1230', 3253.65, '2023-02-01 17:11:49.198236', '2023-02-01 17:11:49.198236')[0m
  [1m[36mTRANSACTION (35.6ms)[0m  [1m[35mCOMMIT[0m
  [1m[36mProduto Load (18.7ms)[0m  [1m[34mSELECT `produtos`.* FROM `produtos`[0m
Started GET "/" for 127.0.0.1 at 2023-02-01 14:32:31 -0300
  [1m[36mActiveRecord::SchemaMigration Pluck (1.0ms)[0m  [1m[34mSELECT `schema_migrations`.`version` FROM `schema_migrations` ORDER BY `schema_migrations`.`version` ASC[0m
Processing by Rails::WelcomeController#index as HTML
  Rendering /home/tiago/.rvm/gems/ruby-3.2.0/gems/railties-7.0.4.2/lib/rails/templates/rails/welcome/index.html.erb
  Rendered /home/tiago/.rvm/gems/ruby-3.2.0/gems/railties-7.0.4.2/lib/rails/templates/rails/welcome/index.html.erb (Duration: 2.7ms | Allocations: 605)
Completed 200 OK in 26ms (Views: 10.9ms | ActiveRecord: 0.0ms | Allocations: 5030)


Started GET "/produtos" for 127.0.0.1 at 2023-02-01 14:32:37 -0300
  
ActionController::RoutingError (No route matches [GET] "/produtos"):
  
Started GET "/produtos/index" for 127.0.0.1 at 2023-02-01 14:32:41 -0300
Processing by ProdutosController#index as HTML
  Rendering layout layouts/application.html.erb
  Rendering produtos/index.html.erb within layouts/application
  Rendered produtos/index.html.erb within layouts/application (Duration: 1.0ms | Allocations: 92)
  Rendered layout layouts/application.html.erb (Duration: 656.6ms | Allocations: 66587)
Completed 200 OK in 660ms (Views: 659.0ms | ActiveRecord: 0.0ms | Allocations: 67374)


Started GET "/produtos/index" for 127.0.0.1 at 2023-02-01 14:33:01 -0300
Processing by ProdutosController#index as HTML
  Rendering layout layouts/application.html.erb
  Rendering produtos/index.html.erb within layouts/application
  Rendered produtos/index.html.erb within layouts/application (Duration: 0.1ms | Allocations: 10)
  Rendered layout layouts/application.html.erb (Duration: 5.1ms | Allocations: 1245)
Completed 200 OK in 8ms (Views: 6.9ms | ActiveRecord: 0.0ms | Allocations: 1724)


Started GET "/produtos/index" for 127.0.0.1 at 2023-02-01 14:34:33 -0300
Processing by ProdutosController#index as HTML
  Rendering layout layouts/application.html.erb
  Rendering produtos/index.html.erb within layouts/application
  Rendered produtos/index.html.erb within layouts/application (Duration: 0.1ms | Allocations: 10)
  Rendered layout layouts/application.html.erb (Duration: 3.8ms | Allocations: 1225)
Completed 200 OK in 6ms (Views: 5.2ms | ActiveRecord: 0.0ms | Allocations: 1706)


Started GET "/produtos/index" for 127.0.0.1 at 2023-02-01 14:35:49 -0300
Processing by ProdutosController#index as HTML
  Rendering layout layouts/application.html.erb
  Rendering produtos/index.html.erb within layouts/application
  Rendered produtos/index.html.erb within layouts/application (Duration: 0.1ms | Allocations: 10)
  Rendered layout layouts/application.html.erb (Duration: 3.5ms | Allocations: 1224)
Completed 200 OK in 5ms (Views: 4.9ms | ActiveRecord: 0.0ms | Allocations: 1704)


Started GET "/produtos/index" for 127.0.0.1 at 2023-02-01 14:35:58 -0300
Processing by ProdutosController#index as HTML
  Rendering layout layouts/application.html.erb
  Rendering produtos/index.html.erb within layouts/application
  Rendered produtos/index.html.erb within layouts/application (Duration: 0.1ms | Allocations: 10)
  Rendered layout layouts/application.html.erb (Duration: 2.9ms | Allocations: 1230)
Completed 200 OK in 5ms (Views: 4.6ms | ActiveRecord: 0.0ms | Allocations: 1709)


Started GET "/produtos/index" for 127.0.0.1 at 2023-02-01 14:37:23 -0300
Processing by ProdutosController#index as HTML
  Rendering layout layouts/application.html.erb
  Rendering produtos/index.html.erb within layouts/application
  Rendered produtos/index.html.erb within layouts/application (Duration: 0.1ms | Allocations: 10)
  Rendered layout layouts/application.html.erb (Duration: 2.9ms | Allocations: 1217)
Completed 200 OK in 5ms (Views: 4.2ms | ActiveRecord: 0.0ms | Allocations: 1696)


Started GET "/produtos/index" for 127.0.0.1 at 2023-02-01 14:37:35 -0300
Processing by ProdutosController#index as HTML
  Rendering layout layouts/application.html.erb
  Rendering produtos/index.html.erb within layouts/application
  Rendered produtos/index.html.erb within layouts/application (Duration: 0.1ms | Allocations: 10)
  Rendered layout layouts/application.html.erb (Duration: 3.0ms | Allocations: 1208)
Completed 200 OK in 5ms (Views: 4.5ms | ActiveRecord: 0.0ms | Allocations: 1686)


Started GET "/produtos/index" for 127.0.0.1 at 2023-02-01 14:40:20 -0300
Processing by ProdutosController#index as HTML
  Rendering layout layouts/application.html.erb
  Rendering produtos/index.html.erb within layouts/application
  Rendered produtos/index.html.erb within layouts/application (Duration: 0.1ms | Allocations: 10)
  Rendered layout layouts/application.html.erb (Duration: 4.2ms | Allocations: 1239)
Completed 200 OK in 6ms (Views: 5.9ms | ActiveRecord: 0.0ms | Allocations: 1719)


Started GET "/produtos/index" for 127.0.0.1 at 2023-02-01 14:40:31 -0300
Processing by ProdutosController#index as HTML
  Rendering layout layouts/application.html.erb
  Rendering produtos/index.html.erb within layouts/application
  Rendered produtos/index.html.erb within layouts/application (Duration: 0.1ms | Allocations: 10)
  Rendered layout layouts/application.html.erb (Duration: 3.5ms | Allocations: 1199)
Completed 200 OK in 6ms (Views: 5.2ms | ActiveRecord: 0.0ms | Allocations: 1693)


Started GET "/produtos/index" for 127.0.0.1 at 2023-02-01 14:41:45 -0300
Processing by ProdutosController#index as HTML
  Rendering text template
  Rendered text template (Duration: 0.1ms | Allocations: 6)
Completed 200 OK in 6ms (Views: 4.3ms | ActiveRecord: 0.0ms | Allocations: 560)


Started GET "/" for 127.0.0.1 at 2023-02-01 14:47:49 -0300
Processing by Rails::WelcomeController#index as HTML
  Rendering /home/tiago/.rvm/gems/ruby-3.2.0/gems/railties-7.0.4.2/lib/rails/templates/rails/welcome/index.html.erb
  Rendered /home/tiago/.rvm/gems/ruby-3.2.0/gems/railties-7.0.4.2/lib/rails/templates/rails/welcome/index.html.erb (Duration: 8.1ms | Allocations: 261)
Completed 200 OK in 27ms (Views: 17.6ms | Allocations: 794)


Started GET "/produtos/" for 127.0.0.1 at 2023-02-01 14:47:56 -0300
  
ActionController::RoutingError (No route matches [GET] "/produtos"):
  
Started GET "/produtos/index" for 127.0.0.1 at 2023-02-01 14:48:00 -0300
Processing by ProdutosController#index as HTML
  Rendering text template
  Rendered text template (Duration: 0.0ms | Allocations: 4)
Completed 200 OK in 2ms (Views: 1.6ms | Allocations: 399)


Started GET "/produtos/index" for 127.0.0.1 at 2023-02-01 14:49:12 -0300
Processing by ProdutosController#index as HTML
  Rendering text template
  Rendered text template (Duration: 0.0ms | Allocations: 4)
Completed 500 Internal Server Error in 14ms (Views: 1.7ms | Allocations: 1190)


  
NoMethodError (undefined method `[]' for Produto:Class):
  
app/controllers/produtos_controller.rb:4:in `index'
Started GET "/produtos/index" for 127.0.0.1 at 2023-02-01 14:49:21 -0300
Processing by ProdutosController#index as HTML
Completed 500 Internal Server Error in 2ms (Allocations: 848)


  
NoMethodError (undefined method `[]' for Produto:Class):
  
app/controllers/produtos_controller.rb:4:in `index'
Started GET "/produtos/index" for 127.0.0.1 at 2023-02-01 14:50:06 -0300
Processing by ProdutosController#index as HTML
  Rendering text template
  Rendered text template (Duration: 0.0ms | Allocations: 4)
Completed 500 Internal Server Error in 6ms (Views: 4.1ms | Allocations: 747)


  
NameError (uninitialized constant ProdutosController::Produtos):
  
app/controllers/produtos_controller.rb:4:in `index'
Started GET "/produtos/index" for 127.0.0.1 at 2023-02-01 14:50:13 -0300
Processing by ProdutosController#index as HTML
Completed 500 Internal Server Error in 1ms (Allocations: 476)


  
NameError (uninitialized constant ProdutosController::Produtos):
  
app/controllers/produtos_controller.rb:4:in `index'
Started GET "/produtos/index" for 127.0.0.1 at 2023-02-01 14:50:33 -0300
Processing by ProdutosController#index as HTML
Completed 500 Internal Server Error in 1ms (Allocations: 476)


  
NameError (uninitialized constant ProdutosController::Produtos):
  
app/controllers/produtos_controller.rb:4:in `index'
Started GET "/produtos/index" for 127.0.0.1 at 2023-02-01 14:50:45 -0300
Processing by ProdutosController#index as HTML
Completed 500 Internal Server Error in 1ms (Allocations: 423)


  
NameError (uninitialized constant ProdutosController::Produtos):
  
app/controllers/produtos_controller.rb:4:in `index'
Started GET "/produtos/index" for 127.0.0.1 at 2023-02-01 14:51:54 -0300
Processing by ProdutosController#index as HTML
Completed 500 Internal Server Error in 1ms (Allocations: 423)


  
NameError (uninitialized constant ProdutosController::Produtos):
  
app/controllers/produtos_controller.rb:4:in `index'
Started PUT "/__web_console/repl_sessions/e0079646170cf664a47b90fa96bc9844" for 127.0.0.1 at 2023-02-01 14:52:08 -0300
Started POST "/__web_console/repl_sessions/e0079646170cf664a47b90fa96bc9844/trace" for 127.0.0.1 at 2023-02-01 14:52:20 -0300
Started POST "/__web_console/repl_sessions/e0079646170cf664a47b90fa96bc9844/trace" for 127.0.0.1 at 2023-02-01 14:52:26 -0300
Started GET "/produtos/index" for 127.0.0.1 at 2023-02-01 14:53:36 -0300
Processing by ProdutosController#index as HTML
  Rendering text template
  Rendered text template (Duration: 0.0ms | Allocations: 4)
Completed 200 OK in 28ms (Views: 1.0ms | Allocations: 976)


Started GET "/produtos/index" for 127.0.0.1 at 2023-02-01 14:53:48 -0300
Processing by ProdutosController#index as HTML
  [1m[36mProduto Load (17.0ms)[0m  [1m[34mSELECT `produtos`.* FROM `produtos`[0m
  ↳ app/controllers/produtos_controller.rb:4:in `index'
  Rendering text template
  Rendered text template (Duration: 0.0ms | Allocations: 4)
Completed 200 OK in 156ms (Views: 3.0ms | ActiveRecord: 50.2ms | Allocations: 6105)


Started GET "/produtos/index" for 127.0.0.1 at 2023-02-01 14:53:56 -0300
Processing by ProdutosController#index as HTML
  [1m[36mProduto Load (0.4ms)[0m  [1m[34mSELECT `produtos`.* FROM `produtos`[0m
  ↳ app/controllers/produtos_controller.rb:4:in `index'
  Rendering text template
  Rendered text template (Duration: 0.1ms | Allocations: 4)
Completed 200 OK in 18ms (Views: 1.6ms | ActiveRecord: 7.3ms | Allocations: 3159)


Started GET "/produtos/index" for 127.0.0.1 at 2023-02-01 14:55:32 -0300
  [1m[36mActiveRecord::SchemaMigration Pluck (0.8ms)[0m  [1m[34mSELECT `schema_migrations`.`version` FROM `schema_migrations` ORDER BY `schema_migrations`.`version` ASC[0m
Processing by ProdutosController#index as HTML
  Rendering text template
  Rendered text template (Duration: 0.0ms | Allocations: 4)
  [1m[36mProduto Load (0.5ms)[0m  [1m[34mSELECT `produtos`.* FROM `produtos`[0m
  ↳ app/controllers/produtos_controller.rb:4:in `index'
Completed 500 Internal Server Error in 36ms (Views: 1.3ms | ActiveRecord: 4.8ms | Allocations: 3539)


  
AbstractController::DoubleRenderError (Render and/or redirect were called multiple times in this action. Please note that you may only call render OR redirect, and at most once per action. Also note that neither redirect nor render terminate execution of the action, so if you want to exit an action after redirecting, you need to do something like "redirect_to(...) and return".):
  
app/controllers/produtos_controller.rb:4:in `index'
Started GET "/produtos/index" for 127.0.0.1 at 2023-02-01 14:56:09 -0300
Processing by ProdutosController#index as HTML
  [1m[36mProduto Load (0.4ms)[0m  [1m[34mSELECT `produtos`.* FROM `produtos`[0m
  ↳ app/controllers/produtos_controller.rb:3:in `index'
  Rendering text template
  Rendered text template (Duration: 0.0ms | Allocations: 4)
Completed 200 OK in 15ms (Views: 1.1ms | ActiveRecord: 5.7ms | Allocations: 3207)


